#
# There is insufficient memory for the Java Runtime Environment to continue.
# Native memory allocation (mmap) failed to map 123731968 bytes for G1 virtual space
# Possible reasons:
#   The system is out of physical RAM or swap space
#   The process is running with CompressedOops enabled, and the Java Heap may be blocking the growth of the native heap
# Possible solutions:
#   Reduce memory load on the system
#   Increase physical memory or swap space
#   Check if swap backing store is full
#   Decrease Java heap size (-Xmx/-Xms)
#   Decrease number of Java threads
#   Decrease Java thread stack sizes (-Xss)
#   Set larger code cache with -XX:ReservedCodeCacheSize=
#   JVM is running with Unscaled Compressed Oops mode in which the Java heap is
#     placed in the first 4GB address space. The Java Heap base address is the
#     maximum limit for the native heap growth. Please use -XX:HeapBaseMinAddress
#     to set the Java Heap base and to place the Java Heap above 4GB virtual address.
# This output file may be truncated or incomplete.
#
#  Out of Memory Error (os_windows.cpp:3771), pid=4672, tid=8924
#
# JRE version:  (17.0.7) (build )
# Java VM: OpenJDK 64-Bit Server VM (17.0.7+0-b2043.56-10550314, mixed mode, sharing, tiered, compressed oops, compressed class ptrs, g1 gc, windows-amd64)
# No core dump will be written. Minidumps are not enabled by default on client versions of Windows
#

---------------  S U M M A R Y ------------

Command Line: org.jetbrains.kotlin.cli.jvm.K2JVMCompiler @C:\Users\Emir\AndroidStudioProjects\Tudijit2\app\build\20240223_4310509878433011734.compiler.options

Host: AMD Ryzen 5 5500U with Radeon Graphics         , 12 cores, 7G,  Windows 11 , 64 bit Build 22621 (10.0.22621.3085)
Time: Fri Feb 23 13:05:13 2024 Türkiye Standart Saati elapsed time: 0.008261 seconds (0d 0h 0m 0s)

---------------  T H R E A D  ---------------

Current thread (0x000002b0d1e6ce50):  JavaThread "Unknown thread" [_thread_in_vm, id=8924, stack(0x000000e93f000000,0x000000e93f100000)]

Stack: [0x000000e93f000000,0x000000e93f100000]
Native frames: (J=compiled Java code, j=interpreted, Vv=VM code, C=native code)
V  [jvm.dll+0x683bfa]
V  [jvm.dll+0x8430a4]
V  [jvm.dll+0x8449be]
V  [jvm.dll+0x845023]
V  [jvm.dll+0x24ad2f]
V  [jvm.dll+0x680ac9]
V  [jvm.dll+0x67519a]
V  [jvm.dll+0x30b3cb]
V  [jvm.dll+0x312876]
V  [jvm.dll+0x36221e]
V  [jvm.dll+0x36244f]
V  [jvm.dll+0x2e14a8]
V  [jvm.dll+0x2e2414]
V  [jvm.dll+0x814391]
V  [jvm.dll+0x36ffe1]
V  [jvm.dll+0x7f396c]
V  [jvm.dll+0x3f305f]
V  [jvm.dll+0x3f4b91]
C  [jli.dll+0x528f]
C  [ucrtbase.dll+0x29363]
C  [KERNEL32.DLL+0x1257d]
C  [ntdll.dll+0x5aa58]


---------------  P R O C E S S  ---------------

Threads class SMR info:
_java_thread_list=0x00007ff9140cd098, length=0, elements={
}

Java Threads: ( => current thread )

Other Threads:
  0x000002b0d1ec5e80 GCTaskThread "GC Thread#0" [stack: 0x000000e93f100000,0x000000e93f200000] [id=14600]
  0x000002b0d1ed58c0 ConcurrentGCThread "G1 Main Marker" [stack: 0x000000e93f200000,0x000000e93f300000] [id=4972]
  0x000002b0d1ed62d0 ConcurrentGCThread "G1 Conc#0" [stack: 0x000000e93f300000,0x000000e93f400000] [id=2268]

[error occurred during error reporting (printing all threads), id 0xc0000005, EXCEPTION_ACCESS_VIOLATION (0xc0000005) at pc=0x00007ff913882087]

VM state: not at safepoint (not fully initialized)

VM Mutex/Monitor currently owned by a thread:  ([mutex/lock_event])
[0x000002b0d1e69120] Heap_lock - owner thread: 0x000002b0d1e6ce50

Heap address: 0x000000008a800000, size: 1880 MB, Compressed Oops mode: 32-bit

CDS archive(s) mapped at: [0x0000000000000000-0x0000000000000000-0x0000000000000000), size 0, SharedBaseAddress: 0x0000000800000000, ArchiveRelocationMode: 0.
Narrow klass base: 0x0000000000000000, Narrow klass shift: 0, Narrow klass range: 0x0

GC Precious Log:
<Empty>

Heap:
 garbage-first heap   total 0K, used 0K [0x000000008a800000, 0x0000000100000000)
  region size 1024K, 0 young (0K), 0 survivors (0K)
 Metaspace       used 0K, committed 0K, reserved 0K
  class space    used 0K, committed 0K, reserved 0K

Heap Regions: E=young(eden), S=young(survivor), O=old, HS=humongous(starts), HC=humongous(continues), CS=collection set, F=free, OA=open archive, CA=closed archive, TAMS=top-at-mark-start (previous, next)

Card table byte_map: [0x000002b0e4c40000,0x000002b0e4ff0000] _byte_map_base: 0x000002b0e47ec000

Marking Bits (Prev, Next): (CMBitMap*) 0x000002b0d1ec6490, (CMBitMap*) 0x000002b0d1ec64d0
 Prev Bits: [0x000002b0e53a0000, 0x000002b0e7100000)
 Next Bits: [0x000002b0e7100000, 0x000002b0e8e60000)

GC Heap History (0 events):
No events

Dll operation events (1 events):
Event: 0.005 Loaded shared library C:\Program Files\Android\Android Studio1\jbr\bin\java.dll

Deoptimization events (0 events):
No events

Classes unloaded (0 events):
No events

Classes redefined (0 events):
No events

Internal exceptions (0 events):
No events

VM Operations (0 events):
No events

Events (0 events):
No events


Dynamic libraries:
0x00007ff78b6d0000 - 0x00007ff78b6da000 	C:\Program Files\Android\Android Studio1\jbr\bin\java.exe
0x00007ff961fb0000 - 0x00007ff9621c7000 	C:\WINDOWS\SYSTEM32\ntdll.dll
0x00007ff960ba0000 - 0x00007ff960c64000 	C:\WINDOWS\System32\KERNEL32.DLL
0x00007ff95f5f0000 - 0x00007ff95f996000 	C:\WINDOWS\System32\KERNELBASE.dll
0x00007ff95f4d0000 - 0x00007ff95f5e1000 	C:\WINDOWS\System32\ucrtbase.dll
0x00007ff94ca90000 - 0x00007ff94caa7000 	C:\Program Files\Android\Android Studio1\jbr\bin\jli.dll
0x00007ff959fb0000 - 0x00007ff959fcb000 	C:\Program Files\Android\Android Studio1\jbr\bin\VCRUNTIME140.dll
0x00007ff960730000 - 0x00007ff9608de000 	C:\WINDOWS\System32\USER32.dll
0x00007ff954fc0000 - 0x00007ff955253000 	C:\WINDOWS\WinSxS\amd64_microsoft.windows.common-controls_6595b64144ccf1df_6.0.22621.2506_none_270c5ae97388e100\COMCTL32.dll
0x00007ff95f4a0000 - 0x00007ff95f4c6000 	C:\WINDOWS\System32\win32u.dll
0x00007ff9601b0000 - 0x00007ff960257000 	C:\WINDOWS\System32\msvcrt.dll
0x00007ff95fd00000 - 0x00007ff95fd29000 	C:\WINDOWS\System32\GDI32.dll
0x00007ff95f9a0000 - 0x00007ff95fab8000 	C:\WINDOWS\System32\gdi32full.dll
0x00007ff95fc60000 - 0x00007ff95fcfa000 	C:\WINDOWS\System32\msvcp_win.dll
0x00007ff960b60000 - 0x00007ff960b91000 	C:\WINDOWS\System32\IMM32.DLL
0x00007ff959f50000 - 0x00007ff959f5c000 	C:\Program Files\Android\Android Studio1\jbr\bin\vcruntime140_1.dll
0x00007ff9508f0000 - 0x00007ff95097d000 	C:\Program Files\Android\Android Studio1\jbr\bin\msvcp140.dll
0x00007ff913590000 - 0x00007ff914210000 	C:\Program Files\Android\Android Studio1\jbr\bin\server\jvm.dll
0x00007ff9603a0000 - 0x00007ff960453000 	C:\WINDOWS\System32\ADVAPI32.dll
0x00007ff960940000 - 0x00007ff9609e8000 	C:\WINDOWS\System32\sechost.dll
0x00007ff95fc30000 - 0x00007ff95fc58000 	C:\WINDOWS\System32\bcrypt.dll
0x00007ff960260000 - 0x00007ff960377000 	C:\WINDOWS\System32\RPCRT4.dll
0x00007ff95d090000 - 0x00007ff95d0c4000 	C:\WINDOWS\SYSTEM32\WINMM.dll
0x00007ff95a900000 - 0x00007ff95a90a000 	C:\WINDOWS\SYSTEM32\VERSION.dll
0x00007ff9548f0000 - 0x00007ff9548f9000 	C:\WINDOWS\SYSTEM32\WSOCK32.dll
0x00007ff961ef0000 - 0x00007ff961f61000 	C:\WINDOWS\System32\WS2_32.dll
0x00007ff95e330000 - 0x00007ff95e348000 	C:\WINDOWS\SYSTEM32\kernel.appcore.dll
0x00007ff954170000 - 0x00007ff95417a000 	C:\Program Files\Android\Android Studio1\jbr\bin\jimage.dll
0x00007ff95cad0000 - 0x00007ff95cd03000 	C:\WINDOWS\SYSTEM32\DBGHELP.DLL
0x00007ff9618e0000 - 0x00007ff961c69000 	C:\WINDOWS\System32\combase.dll
0x00007ff960d70000 - 0x00007ff960e47000 	C:\WINDOWS\System32\OLEAUT32.dll
0x00007ff952fe0000 - 0x00007ff953012000 	C:\WINDOWS\SYSTEM32\dbgcore.DLL
0x00007ff95f2f0000 - 0x00007ff95f36a000 	C:\WINDOWS\System32\bcryptPrimitives.dll
0x00007ff954140000 - 0x00007ff954165000 	C:\Program Files\Android\Android Studio1\jbr\bin\java.dll

dbghelp: loaded successfully - version: 4.0.5 - missing functions: none
symbol engine: initialized successfully - sym options: 0x614 - pdb path: .;C:\Program Files\Android\Android Studio1\jbr\bin;C:\WINDOWS\SYSTEM32;C:\WINDOWS\WinSxS\amd64_microsoft.windows.common-controls_6595b64144ccf1df_6.0.22621.2506_none_270c5ae97388e100;C:\Program Files\Android\Android Studio1\jbr\bin\server

VM Arguments:
java_command: org.jetbrains.kotlin.cli.jvm.K2JVMCompiler @C:\Users\Emir\AndroidStudioProjects\Tudijit2\app\build\20240223_4310509878433011734.compiler.options
java_class_path (initial): C:\Users\Emir\.gradle\caches\modules-2\files-2.1\org.jetbrains.kotlin\kotlin-compiler-embeddable\1.9.0\2c8c3a7402becca891f12739b3e9fd2dc2adbd7a\kotlin-compiler-embeddable-1.9.0.jar;C:\Users\Emir\.gradle\caches\modules-2\files-2.1\org.jetbrains.kotlin\kotlin-stdlib\1.9.0\8ee15ef0c67dc83d874f412d84378d7f0eb50b63\kotlin-stdlib-1.9.0.jar;C:\Users\Emir\.gradle\caches\modules-2\files-2.1\org.jetbrains.kotlin\kotlin-script-runtime\1.9.0\4b3102cbbb7e1b58d9d1adf89563f00069ffa7d1\kotlin-script-runtime-1.9.0.jar;C:\Users\Emir\.gradle\caches\modules-2\files-2.1\org.jetbrains.kotlin\kotlin-reflect\1.6.10\1cbe9c92c12a94eea200d23c2bbaedaf3daf5132\kotlin-reflect-1.6.10.jar;C:\Users\Emir\.gradle\caches\modules-2\files-2.1\org.jetbrains.kotlin\kotlin-daemon-embeddable\1.9.0\186543f5e28cf8d9a0290fecc2cf34301c40a65c\kotlin-daemon-embeddable-1.9.0.jar;C:\Users\Emir\.gradle\caches\modules-2\files-2.1\org.jetbrains.intellij.deps\trove4j\1.0.20200330\3afb14d5f9ceb459d724e907a21145e8ff394f02\trove4j-1.0.20200330.jar;C:\Users\Emir\.gradle\caches\modules-2\files-2.1\org.jetbrains.kotlin\kotlin-stdlib-common\1.9.0\cd65c21cfd1eec4d44ef09f9f52b6d9f8a720636\kotlin-stdlib-common-1.9.0.jar;C:\Users\Emir\.gradle\caches\modules-2\files-2.1\org.jetbrains\annotations\13.0\919f0dfe192fb4e063e7dacadee7f8bb9a2672a9\annotations-13.0.jar
Launcher Type: SUN_STANDARD

[Global flags]
     intx CICompilerCount                          = 4                                         {product} {ergonomic}
     uint ConcGCThreads                            = 3                                         {product} {ergonomic}
     uint G1ConcRefinementThreads                  = 10                                        {product} {ergonomic}
   size_t G1HeapRegionSize                         = 1048576                                   {product} {ergonomic}
    uintx GCDrainStackTargetSize                   = 64                                        {product} {ergonomic}
   size_t InitialHeapSize                          = 123731968                                 {product} {ergonomic}
   size_t MarkStackSize                            = 4194304                                   {product} {ergonomic}
   size_t MaxHeapSize                              = 1971322880                                {product} {ergonomic}
   size_t MinHeapDeltaBytes                        = 1048576                                   {product} {ergonomic}
   size_t MinHeapSize                              = 8388608                                   {product} {ergonomic}
    uintx NonNMethodCodeHeapSize                   = 5839372                                {pd product} {ergonomic}
    uintx NonProfiledCodeHeapSize                  = 122909434                              {pd product} {ergonomic}
    uintx ProfiledCodeHeapSize                     = 122909434                              {pd product} {ergonomic}
    uintx ReservedCodeCacheSize                    = 251658240                              {pd product} {ergonomic}
     bool SegmentedCodeCache                       = true                                      {product} {ergonomic}
   size_t SoftMaxHeapSize                          = 1971322880                             {manageable} {ergonomic}
     bool UseCompressedClassPointers               = true                           {product lp64_product} {ergonomic}
     bool UseCompressedOops                        = true                           {product lp64_product} {ergonomic}
     bool UseG1GC                                  = true                                      {product} {ergonomic}
     bool UseLargePagesIndividualAllocation        = false                                  {pd product} {ergonomic}

Logging:
Log output configuration:
 #0: stdout all=warning uptime,level,tags
 #1: stderr all=off uptime,level,tags

Environment Variables:
PATH=C:\Program Files (x86)\Common Files\Oracle\Java\javapath;C:\WINDOWS\system32;C:\WINDOWS;C:\WINDOWS\System32\Wbem;C:\WINDOWS\System32\WindowsPowerShell\v1.0\;C:\WINDOWS\System32\OpenSSH\;d:\quartus\bin;D:\modelsim_ase\win32aloem;C:\Users\Emir\AppData\Local\Microsoft\WindowsApps;;C:\Program Files\JetBrains\IntelliJ IDEA Community Edition 2022.1.2\bin;
USERNAME=Emir
OS=Windows_NT
PROCESSOR_IDENTIFIER=AMD64 Family 23 Model 104 Stepping 1, AuthenticAMD
TMP=C:\Users\Emir\AppData\Local\Temp
TEMP=C:\Users\Emir\AppData\Local\Temp


JNI global refs:
JNI global refs: 0, weak refs: 0

JNI global refs memory usage: 0, weak refs: 0

OOME stack traces (most recent first):
Classloader memory used:


---------------  S Y S T E M  ---------------

OS:
 Windows 11 , 64 bit Build 22621 (10.0.22621.3085)
OS uptime: 0 days 0:11 hours

CPU: total 12 (initial active 12) (12 cores per cpu, 2 threads per core) family 23 model 104 stepping 1 microcode 0x0, cx8, cmov, fxsr, ht, mmx, 3dnowpref, sse, sse2, sse3, ssse3, sse4a, sse4.1, sse4.2, popcnt, lzcnt, tsc, tscinvbit, avx, avx2, aes, clmul, bmi1, bmi2, adx, sha, fma, vzeroupper, clflush, clflushopt

Memory: 4k page, system-wide physical 7514M (229M free)
TotalPageFile size 11610M (AvailPageFile size 109M)
current process WorkingSet (physical memory assigned to process): 11M, peak: 11M
current process commit charge ("private bytes"): 64M, peak: 182M

vm_info: OpenJDK 64-Bit Server VM (17.0.7+0-b2043.56-10550314) for windows-amd64 JRE (17.0.7+0-b2043.56-10550314), built on Jul 24 2023 18:27:45 by "androidbuild" with MS VC++ 16.10 / 16.11 (VS2019)

END.
