#
# There is insufficient memory for the Java Runtime Environment to continue.
# Native memory allocation (mmap) failed to map 195035136 bytes for G1 virtual space
# Possible reasons:
#   The system is out of physical RAM or swap space
#   The process is running with CompressedOops enabled, and the Java Heap may be blocking the growth of the native heap
# Possible solutions:
#   Reduce memory load on the system
#   Increase physical memory or swap space
#   Check if swap backing store is full
#   Decrease Java heap size (-Xmx/-Xms)
#   Decrease number of Java threads
#   Decrease Java thread stack sizes (-Xss)
#   Set larger code cache with -XX:ReservedCodeCacheSize=
#   JVM is running with Unscaled Compressed Oops mode in which the Java heap is
#     placed in the first 4GB address space. The Java Heap base address is the
#     maximum limit for the native heap growth. Please use -XX:HeapBaseMinAddress
#     to set the Java Heap base and to place the Java Heap above 4GB virtual address.
# This output file may be truncated or incomplete.
#
#  Out of Memory Error (os_windows.cpp:3771), pid=16676, tid=17272
#
# JRE version: OpenJDK Runtime Environment (17.0.7) (build 17.0.7+0-b2043.56-10550314)
# Java VM: OpenJDK 64-Bit Server VM (17.0.7+0-b2043.56-10550314, mixed mode, tiered, compressed oops, compressed class ptrs, g1 gc, windows-amd64)
# No core dump will be written. Minidumps are not enabled by default on client versions of Windows
#

---------------  S U M M A R Y ------------

Command Line: org.jetbrains.kotlin.cli.jvm.K2JVMCompiler @C:\Users\Emir\AndroidStudioProjects\Tudijit2\app\build\20240223_1066273552866673407.compiler.options

Host: AMD Ryzen 5 5500U with Radeon Graphics         , 12 cores, 7G,  Windows 11 , 64 bit Build 22621 (10.0.22621.3085)
Time: Fri Feb 23 13:08:45 2024 Türkiye Standart Saati elapsed time: 6.628984 seconds (0d 0h 0m 6s)

---------------  T H R E A D  ---------------

Current thread (0x0000028216142a10):  VMThread "VM Thread" [stack: 0x0000009188b00000,0x0000009188c00000] [id=17272]

Stack: [0x0000009188b00000,0x0000009188c00000]
Native frames: (J=compiled Java code, j=interpreted, Vv=VM code, C=native code)
V  [jvm.dll+0x683bfa]
V  [jvm.dll+0x8430a4]
V  [jvm.dll+0x8449be]
V  [jvm.dll+0x845023]
V  [jvm.dll+0x24ad2f]
V  [jvm.dll+0x680ac9]
V  [jvm.dll+0x67519a]
V  [jvm.dll+0x30b3cb]
V  [jvm.dll+0x312876]
V  [jvm.dll+0x36221e]
V  [jvm.dll+0x36244f]
V  [jvm.dll+0x2e14a8]
V  [jvm.dll+0x2df684]
V  [jvm.dll+0x2dec8c]
V  [jvm.dll+0x32382b]
V  [jvm.dll+0x8496eb]
V  [jvm.dll+0x84a424]
V  [jvm.dll+0x84a93d]
V  [jvm.dll+0x84ad14]
V  [jvm.dll+0x84ade0]
V  [jvm.dll+0x7f2aea]
V  [jvm.dll+0x682a35]
C  [ucrtbase.dll+0x29363]
C  [KERNEL32.DLL+0x1257d]
C  [ntdll.dll+0x5aa58]

VM_Operation (0x00000091885f1f20): G1CollectForAllocation, mode: safepoint, requested by thread 0x000002827a4bba30


---------------  P R O C E S S  ---------------

Threads class SMR info:
_java_thread_list=0x00000282168ae100, length=13, elements={
0x000002827a4bba30, 0x00000282162a3260, 0x00000282161498d0, 0x00000282161660c0,
0x0000028216168a80, 0x00000282162c54d0, 0x00000282162c5e80, 0x00000282162c6c10,
0x00000282162c7ac0, 0x00000282162ca4c0, 0x000002821642aea0, 0x0000028216438410,
0x0000028216647460
}

Java Threads: ( => current thread )
  0x000002827a4bba30 JavaThread "main" [_thread_blocked, id=17044, stack(0x0000009188500000,0x0000009188600000)]
  0x00000282162a3260 JavaThread "Reference Handler" daemon [_thread_blocked, id=6840, stack(0x0000009188c00000,0x0000009188d00000)]
  0x00000282161498d0 JavaThread "Finalizer" daemon [_thread_blocked, id=6256, stack(0x0000009188d00000,0x0000009188e00000)]
  0x00000282161660c0 JavaThread "Signal Dispatcher" daemon [_thread_blocked, id=16316, stack(0x0000009188e00000,0x0000009188f00000)]
  0x0000028216168a80 JavaThread "Attach Listener" daemon [_thread_blocked, id=14788, stack(0x0000009188f00000,0x0000009189000000)]
  0x00000282162c54d0 JavaThread "Service Thread" daemon [_thread_blocked, id=11580, stack(0x0000009189000000,0x0000009189100000)]
  0x00000282162c5e80 JavaThread "Monitor Deflation Thread" daemon [_thread_blocked, id=3848, stack(0x0000009189100000,0x0000009189200000)]
  0x00000282162c6c10 JavaThread "C2 CompilerThread0" daemon [_thread_blocked, id=8588, stack(0x0000009189200000,0x0000009189300000)]
  0x00000282162c7ac0 JavaThread "C1 CompilerThread0" daemon [_thread_blocked, id=7548, stack(0x0000009189300000,0x0000009189400000)]
  0x00000282162ca4c0 JavaThread "Sweeper thread" daemon [_thread_blocked, id=9616, stack(0x0000009189400000,0x0000009189500000)]
  0x000002821642aea0 JavaThread "Notification Thread" daemon [_thread_blocked, id=12956, stack(0x0000009189500000,0x0000009189600000)]
  0x0000028216438410 JavaThread "Common-Cleaner" daemon [_thread_blocked, id=19260, stack(0x0000009189700000,0x0000009189800000)]
  0x0000028216647460 JavaThread "C2 CompilerThread1" daemon [_thread_blocked, id=9772, stack(0x0000009189800000,0x0000009189900000)]

Other Threads:
=>0x0000028216142a10 VMThread "VM Thread" [stack: 0x0000009188b00000,0x0000009188c00000] [id=17272]
  0x000002827a52b950 WatcherThread [stack: 0x0000009189600000,0x0000009189700000] [id=18976]
  0x000002827a514a70 GCTaskThread "GC Thread#0" [stack: 0x0000009188600000,0x0000009188700000] [id=13480]
  0x0000028216b0cf50 GCTaskThread "GC Thread#1" [stack: 0x0000009189900000,0x0000009189a00000] [id=16832]
  0x0000028216b65030 GCTaskThread "GC Thread#2" [stack: 0x0000009189a00000,0x0000009189b00000] [id=17624]
  0x0000028216b652e0 GCTaskThread "GC Thread#3" [stack: 0x0000009189b00000,0x0000009189c00000] [id=84]
  0x0000028216b675a0 GCTaskThread "GC Thread#4" [stack: 0x0000009189c00000,0x0000009189d00000] [id=13464]
  0x000002821b232f20 GCTaskThread "GC Thread#5" [stack: 0x0000009189d00000,0x0000009189e00000] [id=13468]
  0x000002821b231c50 GCTaskThread "GC Thread#6" [stack: 0x0000009189e00000,0x0000009189f00000] [id=940]
  0x000002821b231f00 GCTaskThread "GC Thread#7" [stack: 0x0000009189f00000,0x000000918a000000] [id=936]
  0x000002821b2321b0 GCTaskThread "GC Thread#8" [stack: 0x000000918a000000,0x000000918a100000] [id=192]
  0x000002821b2331d0 GCTaskThread "GC Thread#9" [stack: 0x000000918a300000,0x000000918a400000] [id=820]
  0x000002827a5244b0 ConcurrentGCThread "G1 Main Marker" [stack: 0x0000009188700000,0x0000009188800000] [id=4528]
  0x000002827a524ec0 ConcurrentGCThread "G1 Conc#0" [stack: 0x0000009188800000,0x0000009188900000] [id=6060]
  0x000002821b232460 ConcurrentGCThread "G1 Conc#1" [stack: 0x000000918a100000,0x000000918a200000] [id=916]
  0x000002821b2316f0 ConcurrentGCThread "G1 Conc#2" [stack: 0x000000918a200000,0x000000918a300000] [id=908]
  0x000002827a5766a0 ConcurrentGCThread "G1 Refine#0" [stack: 0x0000009188900000,0x0000009188a00000] [id=16472]
  0x000002827a5770c0 ConcurrentGCThread "G1 Service" [stack: 0x0000009188a00000,0x0000009188b00000] [id=8080]

Threads with active compile tasks:
C2 CompilerThread0     6637 9191       4       org.jetbrains.kotlin.load.java.structure.impl.classFiles.BinaryJavaMethodBase$Companion::create (572 bytes)
C1 CompilerThread0     6637 9204       3       org.jetbrains.kotlin.metadata.ProtoBuf$Property$1::parsePartialFrom (11 bytes)
C2 CompilerThread1     6637 9149       4       org.jetbrains.kotlin.types.KotlinType::equals (56 bytes)

VM state: at safepoint (normal execution)

VM Mutex/Monitor currently owned by a thread:  ([mutex/lock_event])
[0x000002827a4b9020] Threads_lock - owner thread: 0x0000028216142a10
[0x000002827a4b7370] Heap_lock - owner thread: 0x000002827a4bba30

Heap address: 0x000000008a800000, size: 1880 MB, Compressed Oops mode: 32-bit

CDS archive(s) not mapped
Compressed class space mapped at: 0x0000000100000000-0x0000000140000000, reserved size: 1073741824
Narrow klass base: 0x0000000000000000, Narrow klass shift: 3, Narrow klass range: 0x140000000

GC Precious Log:
 CPUs: 12 total, 12 available
 Memory: 7514M
 Large Page Support: Disabled
 NUMA Support: Disabled
 Compressed Oops: Enabled (32-bit)
 Heap Region Size: 1M
 Heap Min Capacity: 8M
 Heap Initial Capacity: 118M
 Heap Max Capacity: 1880M
 Pre-touch: Disabled
 Parallel Workers: 10
 Concurrent Workers: 3
 Concurrent Refinement Workers: 10
 Periodic GC: Disabled

Heap:
 garbage-first heap   total 120832K, used 62271K [0x000000008a800000, 0x0000000100000000)
  region size 1024K, 4 young (4096K), 4 survivors (4096K)
 Metaspace       used 63521K, committed 63808K, reserved 1114112K
  class space    used 7405K, committed 7552K, reserved 1048576K

Heap Regions: E=young(eden), S=young(survivor), O=old, HS=humongous(starts), HC=humongous(continues), CS=collection set, F=free, OA=open archive, CA=closed archive, TAMS=top-at-mark-start (previous, next)
|   0|0x000000008a800000, 0x000000008a900000, 0x000000008a900000|100%|HS|  |TAMS 0x000000008a900000, 0x000000008a900000| Complete 
|   1|0x000000008a900000, 0x000000008aa00000, 0x000000008aa00000|100%|HC|  |TAMS 0x000000008aa00000, 0x000000008aa00000| Complete 
|   2|0x000000008aa00000, 0x000000008ab00000, 0x000000008ab00000|100%|HC|  |TAMS 0x000000008ab00000, 0x000000008ab00000| Complete 
|   3|0x000000008ab00000, 0x000000008ac00000, 0x000000008ac00000|100%|HC|  |TAMS 0x000000008ac00000, 0x000000008ac00000| Complete 
|   4|0x000000008ac00000, 0x000000008ad00000, 0x000000008ad00000|100%| O|  |TAMS 0x000000008ad00000, 0x000000008ad00000| Untracked 
|   5|0x000000008ad00000, 0x000000008ae00000, 0x000000008ae00000|100%| O|  |TAMS 0x000000008ae00000, 0x000000008ae00000| Untracked 
|   6|0x000000008ae00000, 0x000000008af00000, 0x000000008af00000|100%| O|  |TAMS 0x000000008af00000, 0x000000008af00000| Untracked 
|   7|0x000000008af00000, 0x000000008b000000, 0x000000008b000000|100%| O|  |TAMS 0x000000008b000000, 0x000000008b000000| Untracked 
|   8|0x000000008b000000, 0x000000008b100000, 0x000000008b100000|100%| O|  |TAMS 0x000000008b100000, 0x000000008b100000| Untracked 
|   9|0x000000008b100000, 0x000000008b200000, 0x000000008b200000|100%| O|  |TAMS 0x000000008b200000, 0x000000008b200000| Untracked 
|  10|0x000000008b200000, 0x000000008b300000, 0x000000008b300000|100%| O|  |TAMS 0x000000008b300000, 0x000000008b300000| Untracked 
|  11|0x000000008b300000, 0x000000008b400000, 0x000000008b400000|100%| O|  |TAMS 0x000000008b400000, 0x000000008b400000| Untracked 
|  12|0x000000008b400000, 0x000000008b500000, 0x000000008b500000|100%| O|  |TAMS 0x000000008b500000, 0x000000008b500000| Untracked 
|  13|0x000000008b500000, 0x000000008b600000, 0x000000008b600000|100%| O|  |TAMS 0x000000008b600000, 0x000000008b600000| Untracked 
|  14|0x000000008b600000, 0x000000008b700000, 0x000000008b700000|100%| O|  |TAMS 0x000000008b700000, 0x000000008b700000| Untracked 
|  15|0x000000008b700000, 0x000000008b700000, 0x000000008b800000|  0%| F|  |TAMS 0x000000008b700000, 0x000000008b700000| Untracked 
|  16|0x000000008b800000, 0x000000008b900000, 0x000000008b900000|100%| O|  |TAMS 0x000000008b900000, 0x000000008b900000| Untracked 
|  17|0x000000008b900000, 0x000000008ba00000, 0x000000008ba00000|100%| O|  |TAMS 0x000000008ba00000, 0x000000008ba00000| Untracked 
|  18|0x000000008ba00000, 0x000000008bb00000, 0x000000008bb00000|100%| O|  |TAMS 0x000000008bb00000, 0x000000008bb00000| Untracked 
|  19|0x000000008bb00000, 0x000000008bc00000, 0x000000008bc00000|100%| O|  |TAMS 0x000000008bc00000, 0x000000008bc00000| Untracked 
|  20|0x000000008bc00000, 0x000000008bd00000, 0x000000008bd00000|100%| O|  |TAMS 0x000000008bd00000, 0x000000008bd00000| Untracked 
|  21|0x000000008bd00000, 0x000000008be00000, 0x000000008be00000|100%| O|  |TAMS 0x000000008be00000, 0x000000008be00000| Untracked 
|  22|0x000000008be00000, 0x000000008bf00000, 0x000000008bf00000|100%| O|  |TAMS 0x000000008bf00000, 0x000000008bf00000| Untracked 
|  23|0x000000008bf00000, 0x000000008c000000, 0x000000008c000000|100%| O|  |TAMS 0x000000008c000000, 0x000000008c000000| Untracked 
|  24|0x000000008c000000, 0x000000008c100000, 0x000000008c100000|100%|HS|  |TAMS 0x000000008c100000, 0x000000008c100000| Complete 
|  25|0x000000008c100000, 0x000000008c200000, 0x000000008c200000|100%|HC|  |TAMS 0x000000008c200000, 0x000000008c200000| Complete 
|  26|0x000000008c200000, 0x000000008c300000, 0x000000008c300000|100%| O|  |TAMS 0x000000008c300000, 0x000000008c300000| Untracked 
|  27|0x000000008c300000, 0x000000008c400000, 0x000000008c400000|100%| O|  |TAMS 0x000000008c400000, 0x000000008c400000| Untracked 
|  28|0x000000008c400000, 0x000000008c500000, 0x000000008c500000|100%| O|  |TAMS 0x000000008c500000, 0x000000008c500000| Untracked 
|  29|0x000000008c500000, 0x000000008c600000, 0x000000008c600000|100%| O|  |TAMS 0x000000008c500000, 0x000000008c600000| Untracked 
|  30|0x000000008c600000, 0x000000008c700000, 0x000000008c700000|100%| O|  |TAMS 0x000000008c700000, 0x000000008c700000| Untracked 
|  31|0x000000008c700000, 0x000000008c800000, 0x000000008c800000|100%| O|  |TAMS 0x000000008c800000, 0x000000008c800000| Untracked 
|  32|0x000000008c800000, 0x000000008c900000, 0x000000008c900000|100%| O|  |TAMS 0x000000008c900000, 0x000000008c900000| Untracked 
|  33|0x000000008c900000, 0x000000008ca00000, 0x000000008ca00000|100%| O|  |TAMS 0x000000008ca00000, 0x000000008ca00000| Untracked 
|  34|0x000000008ca00000, 0x000000008cb00000, 0x000000008cb00000|100%| O|  |TAMS 0x000000008cb00000, 0x000000008cb00000| Untracked 
|  35|0x000000008cb00000, 0x000000008cc00000, 0x000000008cc00000|100%| O|  |TAMS 0x000000008cc00000, 0x000000008cc00000| Untracked 
|  36|0x000000008cc00000, 0x000000008cd00000, 0x000000008cd00000|100%| O|  |TAMS 0x000000008cd00000, 0x000000008cd00000| Untracked 
|  37|0x000000008cd00000, 0x000000008ce00000, 0x000000008ce00000|100%| O|  |TAMS 0x000000008ce00000, 0x000000008ce00000| Untracked 
|  38|0x000000008ce00000, 0x000000008cf00000, 0x000000008cf00000|100%| O|  |TAMS 0x000000008cf00000, 0x000000008cf00000| Untracked 
|  39|0x000000008cf00000, 0x000000008d000000, 0x000000008d000000|100%| O|  |TAMS 0x000000008d000000, 0x000000008d000000| Untracked 
|  40|0x000000008d000000, 0x000000008d100000, 0x000000008d100000|100%| O|  |TAMS 0x000000008d100000, 0x000000008d100000| Untracked 
|  41|0x000000008d100000, 0x000000008d200000, 0x000000008d200000|100%| O|  |TAMS 0x000000008d200000, 0x000000008d200000| Untracked 
|  42|0x000000008d200000, 0x000000008d300000, 0x000000008d300000|100%| O|  |TAMS 0x000000008d300000, 0x000000008d300000| Untracked 
|  43|0x000000008d300000, 0x000000008d400000, 0x000000008d400000|100%| O|  |TAMS 0x000000008d400000, 0x000000008d400000| Untracked 
|  44|0x000000008d400000, 0x000000008d500000, 0x000000008d500000|100%| O|  |TAMS 0x000000008d500000, 0x000000008d500000| Untracked 
|  45|0x000000008d500000, 0x000000008d600000, 0x000000008d600000|100%| O|  |TAMS 0x000000008d600000, 0x000000008d600000| Untracked 
|  46|0x000000008d600000, 0x000000008d700000, 0x000000008d700000|100%| O|  |TAMS 0x000000008d700000, 0x000000008d700000| Untracked 
|  47|0x000000008d700000, 0x000000008d800000, 0x000000008d800000|100%| O|  |TAMS 0x000000008d800000, 0x000000008d800000| Untracked 
|  48|0x000000008d800000, 0x000000008d900000, 0x000000008d900000|100%| O|  |TAMS 0x000000008d900000, 0x000000008d900000| Untracked 
|  49|0x000000008d900000, 0x000000008da00000, 0x000000008da00000|100%| O|  |TAMS 0x000000008da00000, 0x000000008da00000| Untracked 
|  50|0x000000008da00000, 0x000000008db00000, 0x000000008db00000|100%| O|  |TAMS 0x000000008dafa400, 0x000000008db00000| Untracked 
|  51|0x000000008db00000, 0x000000008dc00000, 0x000000008dc00000|100%| O|  |TAMS 0x000000008db00000, 0x000000008dc00000| Untracked 
|  52|0x000000008dc00000, 0x000000008dd00000, 0x000000008dd00000|100%| O|  |TAMS 0x000000008dc00000, 0x000000008dd00000| Untracked 
|  53|0x000000008dd00000, 0x000000008de00000, 0x000000008de00000|100%| O|  |TAMS 0x000000008dd00000, 0x000000008de00000| Untracked 
|  54|0x000000008de00000, 0x000000008df00000, 0x000000008df00000|100%| O|  |TAMS 0x000000008de00000, 0x000000008df00000| Untracked 
|  55|0x000000008df00000, 0x000000008e000000, 0x000000008e000000|100%| O|  |TAMS 0x000000008df00000, 0x000000008e000000| Untracked 
|  56|0x000000008e000000, 0x000000008e100000, 0x000000008e100000|100%| O|  |TAMS 0x000000008e000000, 0x000000008e100000| Untracked 
|  57|0x000000008e100000, 0x000000008e200000, 0x000000008e200000|100%| O|  |TAMS 0x000000008e100000, 0x000000008e200000| Untracked 
|  58|0x000000008e200000, 0x000000008e2a1200, 0x000000008e300000| 62%| O|  |TAMS 0x000000008e200000, 0x000000008e2a1200| Untracked 
|  59|0x000000008e300000, 0x000000008e300000, 0x000000008e400000|  0%| F|  |TAMS 0x000000008e300000, 0x000000008e300000| Untracked 
|  60|0x000000008e400000, 0x000000008e400000, 0x000000008e500000|  0%| F|  |TAMS 0x000000008e400000, 0x000000008e400000| Untracked 
|  61|0x000000008e500000, 0x000000008e500000, 0x000000008e600000|  0%| F|  |TAMS 0x000000008e500000, 0x000000008e500000| Untracked 
|  62|0x000000008e600000, 0x000000008e600000, 0x000000008e700000|  0%| F|  |TAMS 0x000000008e600000, 0x000000008e600000| Untracked 
|  63|0x000000008e700000, 0x000000008e700000, 0x000000008e800000|  0%| F|  |TAMS 0x000000008e700000, 0x000000008e700000| Untracked 
|  64|0x000000008e800000, 0x000000008e800000, 0x000000008e900000|  0%| F|  |TAMS 0x000000008e800000, 0x000000008e800000| Untracked 
|  65|0x000000008e900000, 0x000000008e900000, 0x000000008ea00000|  0%| F|  |TAMS 0x000000008e900000, 0x000000008e900000| Untracked 
|  66|0x000000008ea00000, 0x000000008ea00000, 0x000000008eb00000|  0%| F|  |TAMS 0x000000008ea00000, 0x000000008ea00000| Untracked 
|  67|0x000000008eb00000, 0x000000008eb00000, 0x000000008ec00000|  0%| F|  |TAMS 0x000000008eb00000, 0x000000008eb00000| Untracked 
|  68|0x000000008ec00000, 0x000000008ec00000, 0x000000008ed00000|  0%| F|  |TAMS 0x000000008ec00000, 0x000000008ec00000| Untracked 
|  69|0x000000008ed00000, 0x000000008ed00000, 0x000000008ee00000|  0%| F|  |TAMS 0x000000008ed00000, 0x000000008ed00000| Untracked 
|  70|0x000000008ee00000, 0x000000008ee00000, 0x000000008ef00000|  0%| F|  |TAMS 0x000000008ee00000, 0x000000008ee00000| Untracked 
|  71|0x000000008ef00000, 0x000000008ef00000, 0x000000008f000000|  0%| F|  |TAMS 0x000000008ef00000, 0x000000008ef00000| Untracked 
|  72|0x000000008f000000, 0x000000008f000000, 0x000000008f100000|  0%| F|  |TAMS 0x000000008f000000, 0x000000008f000000| Untracked 
|  73|0x000000008f100000, 0x000000008f100000, 0x000000008f200000|  0%| F|  |TAMS 0x000000008f100000, 0x000000008f100000| Untracked 
|  74|0x000000008f200000, 0x000000008f200000, 0x000000008f300000|  0%| F|  |TAMS 0x000000008f200000, 0x000000008f200000| Untracked 
|  75|0x000000008f300000, 0x000000008f32eb20, 0x000000008f400000| 18%| S|CS|TAMS 0x000000008f300000, 0x000000008f300000| Complete 
|  76|0x000000008f400000, 0x000000008f500000, 0x000000008f500000|100%| S|CS|TAMS 0x000000008f400000, 0x000000008f400000| Complete 
|  77|0x000000008f500000, 0x000000008f600000, 0x000000008f600000|100%| S|CS|TAMS 0x000000008f500000, 0x000000008f500000| Complete 
|  78|0x000000008f600000, 0x000000008f700000, 0x000000008f700000|100%| S|CS|TAMS 0x000000008f600000, 0x000000008f600000| Complete 
|  79|0x000000008f700000, 0x000000008f700000, 0x000000008f800000|  0%| F|  |TAMS 0x000000008f700000, 0x000000008f700000| Untracked 
|  80|0x000000008f800000, 0x000000008f800000, 0x000000008f900000|  0%| F|  |TAMS 0x000000008f800000, 0x000000008f800000| Untracked 
|  81|0x000000008f900000, 0x000000008f900000, 0x000000008fa00000|  0%| F|  |TAMS 0x000000008f900000, 0x000000008f900000| Untracked 
|  82|0x000000008fa00000, 0x000000008fa00000, 0x000000008fb00000|  0%| F|  |TAMS 0x000000008fa00000, 0x000000008fa00000| Untracked 
|  83|0x000000008fb00000, 0x000000008fb00000, 0x000000008fc00000|  0%| F|  |TAMS 0x000000008fb00000, 0x000000008fb00000| Untracked 
|  84|0x000000008fc00000, 0x000000008fc00000, 0x000000008fd00000|  0%| F|  |TAMS 0x000000008fc00000, 0x000000008fc00000| Untracked 
|  85|0x000000008fd00000, 0x000000008fd00000, 0x000000008fe00000|  0%| F|  |TAMS 0x000000008fd00000, 0x000000008fd00000| Untracked 
|  86|0x000000008fe00000, 0x000000008fe00000, 0x000000008ff00000|  0%| F|  |TAMS 0x000000008fe00000, 0x000000008fe00000| Untracked 
|  87|0x000000008ff00000, 0x000000008ff00000, 0x0000000090000000|  0%| F|  |TAMS 0x000000008ff00000, 0x000000008ff00000| Untracked 
|  88|0x0000000090000000, 0x0000000090000000, 0x0000000090100000|  0%| F|  |TAMS 0x0000000090000000, 0x0000000090000000| Untracked 
|  89|0x0000000090100000, 0x0000000090100000, 0x0000000090200000|  0%| F|  |TAMS 0x0000000090100000, 0x0000000090100000| Untracked 
|  90|0x0000000090200000, 0x0000000090200000, 0x0000000090300000|  0%| F|  |TAMS 0x0000000090200000, 0x0000000090200000| Untracked 
|  91|0x0000000090300000, 0x0000000090300000, 0x0000000090400000|  0%| F|  |TAMS 0x0000000090300000, 0x0000000090300000| Untracked 
|  92|0x0000000090400000, 0x0000000090400000, 0x0000000090500000|  0%| F|  |TAMS 0x0000000090400000, 0x0000000090400000| Untracked 
|  93|0x0000000090500000, 0x0000000090500000, 0x0000000090600000|  0%| F|  |TAMS 0x0000000090500000, 0x0000000090500000| Untracked 
|  94|0x0000000090600000, 0x0000000090600000, 0x0000000090700000|  0%| F|  |TAMS 0x0000000090600000, 0x0000000090600000| Untracked 
|  95|0x0000000090700000, 0x0000000090700000, 0x0000000090800000|  0%| F|  |TAMS 0x0000000090700000, 0x0000000090700000| Untracked 
|  96|0x0000000090800000, 0x0000000090800000, 0x0000000090900000|  0%| F|  |TAMS 0x0000000090800000, 0x0000000090800000| Untracked 
|  97|0x0000000090900000, 0x0000000090900000, 0x0000000090a00000|  0%| F|  |TAMS 0x0000000090900000, 0x0000000090900000| Untracked 
|  98|0x0000000090a00000, 0x0000000090a00000, 0x0000000090b00000|  0%| F|  |TAMS 0x0000000090a00000, 0x0000000090a00000| Untracked 
|  99|0x0000000090b00000, 0x0000000090b00000, 0x0000000090c00000|  0%| F|  |TAMS 0x0000000090b00000, 0x0000000090b00000| Untracked 
| 100|0x0000000090c00000, 0x0000000090c00000, 0x0000000090d00000|  0%| F|  |TAMS 0x0000000090c00000, 0x0000000090c00000| Untracked 
| 101|0x0000000090d00000, 0x0000000090d00000, 0x0000000090e00000|  0%| F|  |TAMS 0x0000000090d00000, 0x0000000090d00000| Untracked 
| 102|0x0000000090e00000, 0x0000000090e00000, 0x0000000090f00000|  0%| F|  |TAMS 0x0000000090e00000, 0x0000000090e00000| Untracked 
| 103|0x0000000090f00000, 0x0000000090f00000, 0x0000000091000000|  0%| F|  |TAMS 0x0000000090f00000, 0x0000000090f00000| Untracked 
| 104|0x0000000091000000, 0x0000000091000000, 0x0000000091100000|  0%| F|  |TAMS 0x0000000091000000, 0x0000000091000000| Untracked 
| 105|0x0000000091100000, 0x0000000091100000, 0x0000000091200000|  0%| F|  |TAMS 0x0000000091100000, 0x0000000091100000| Untracked 
| 106|0x0000000091200000, 0x0000000091200000, 0x0000000091300000|  0%| F|  |TAMS 0x0000000091200000, 0x0000000091200000| Untracked 
| 107|0x0000000091300000, 0x0000000091300000, 0x0000000091400000|  0%| F|  |TAMS 0x0000000091300000, 0x0000000091300000| Untracked 
| 108|0x0000000091400000, 0x0000000091400000, 0x0000000091500000|  0%| F|  |TAMS 0x0000000091400000, 0x0000000091400000| Untracked 
| 109|0x0000000091500000, 0x0000000091500000, 0x0000000091600000|  0%| F|  |TAMS 0x0000000091500000, 0x0000000091500000| Untracked 
| 110|0x0000000091600000, 0x0000000091600000, 0x0000000091700000|  0%| F|  |TAMS 0x0000000091600000, 0x0000000091600000| Untracked 
| 111|0x0000000091700000, 0x0000000091700000, 0x0000000091800000|  0%| F|  |TAMS 0x0000000091700000, 0x0000000091700000| Untracked 
| 112|0x0000000091800000, 0x0000000091800000, 0x0000000091900000|  0%| F|  |TAMS 0x0000000091800000, 0x0000000091800000| Untracked 
| 113|0x0000000091900000, 0x0000000091900000, 0x0000000091a00000|  0%| F|  |TAMS 0x0000000091900000, 0x0000000091900000| Untracked 
| 114|0x0000000091a00000, 0x0000000091a00000, 0x0000000091b00000|  0%| F|  |TAMS 0x0000000091a00000, 0x0000000091a00000| Untracked 
| 115|0x0000000091b00000, 0x0000000091b00000, 0x0000000091c00000|  0%| F|  |TAMS 0x0000000091b00000, 0x0000000091b00000| Untracked 
| 116|0x0000000091c00000, 0x0000000091c00000, 0x0000000091d00000|  0%| F|  |TAMS 0x0000000091c00000, 0x0000000091c00000| Untracked 
| 117|0x0000000091d00000, 0x0000000091d00000, 0x0000000091e00000|  0%| F|  |TAMS 0x0000000091d00000, 0x0000000091d00000| Untracked 

Card table byte_map: [0x000002820f3b0000,0x000002820f760000] _byte_map_base: 0x000002820ef5c000

Marking Bits (Prev, Next): (CMBitMap*) 0x000002827a515080, (CMBitMap*) 0x000002827a5150c0
 Prev Bits: [0x000002820fb10000, 0x0000028211870000)
 Next Bits: [0x0000028211870000, 0x00000282135d0000)

Polling page: 0x000002827a2e0000

Metaspace:

Usage:
  Non-class:     54.80 MB used.
      Class:      7.23 MB used.
       Both:     62.03 MB used.

Virtual space:
  Non-class space:       64.00 MB reserved,      54.94 MB ( 86%) committed,  1 nodes.
      Class space:        1.00 GB reserved,       7.38 MB ( <1%) committed,  1 nodes.
             Both:        1.06 GB reserved,      62.31 MB (  6%) committed. 

Chunk freelists:
   Non-Class:  8.31 MB
       Class:  8.64 MB
        Both:  16.95 MB

MaxMetaspaceSize: unlimited
CompressedClassSpaceSize: 1.00 GB
Initial GC threshold: 21.00 MB
Current GC threshold: 100.00 MB
CDS: off
MetaspaceReclaimPolicy: balanced
 - commit_granule_bytes: 65536.
 - commit_granule_words: 8192.
 - virtual_space_node_default_size: 8388608.
 - enlarge_chunks_in_place: 1.
 - new_chunks_are_fully_committed: 0.
 - uncommit_free_chunks: 1.
 - use_allocation_guard: 0.
 - handle_deallocations: 1.


Internal statistics:

num_allocs_failed_limit: 6.
num_arena_births: 300.
num_arena_deaths: 0.
num_vsnodes_births: 2.
num_vsnodes_deaths: 0.
num_space_committed: 995.
num_space_uncommitted: 0.
num_chunks_returned_to_freelist: 6.
num_chunks_taken_from_freelist: 2321.
num_chunk_merges: 6.
num_chunk_splits: 1859.
num_chunks_enlarged: 1617.
num_inconsistent_stats: 0.

CodeHeap 'non-profiled nmethods': size=120000Kb used=3792Kb max_used=3792Kb free=116207Kb
 bounds [0x0000028207ad0000, 0x0000028207e90000, 0x000002820f000000]
CodeHeap 'profiled nmethods': size=120000Kb used=20809Kb max_used=20809Kb free=99191Kb
 bounds [0x0000028200000000, 0x0000028201460000, 0x0000028207530000]
CodeHeap 'non-nmethods': size=5760Kb used=1301Kb max_used=1367Kb free=4458Kb
 bounds [0x0000028207530000, 0x00000282077a0000, 0x0000028207ad0000]
 total_blobs=8860 nmethods=8251 adapters=519
 compilation: enabled
              stopped_count=0, restarted_count=0
 full_count=0

Compilation events (20 events):
Event: 6.609 Thread 0x00000282162c7ac0 nmethod 9187 0x0000028201448510 code [0x0000028201448740, 0x0000028201448e98]
Event: 6.609 Thread 0x00000282162c7ac0 9195       3       org.jetbrains.kotlin.resolve.SupertypeLoopCheckerImpl::findLoopsInSupertypesAndDisconnect$lambda$1 (118 bytes)
Event: 6.610 Thread 0x00000282162c7ac0 nmethod 9195 0x0000028201449110 code [0x00000282014494a0, 0x000002820144ad68]
Event: 6.610 Thread 0x00000282162c7ac0 9197       3       org.jetbrains.kotlin.descriptors.impl.ValueParameterDescriptorImpl::createWithDestructuringDeclarations (27 bytes)
Event: 6.610 Thread 0x00000282162c7ac0 nmethod 9197 0x000002820144b610 code [0x000002820144b7a0, 0x000002820144b968]
Event: 6.610 Thread 0x00000282162c7ac0 9198       3       org.jetbrains.kotlin.descriptors.impl.ValueParameterDescriptorImpl$Companion::createWithDestructuringDeclarations (100 bytes)
Event: 6.611 Thread 0x00000282162c7ac0 nmethod 9198 0x000002820144ba90 code [0x000002820144bec0, 0x000002820144d998]
Event: 6.611 Thread 0x00000282162c7ac0 9194       3       org.jetbrains.kotlin.resolve.SupertypeLoopCheckerImpl$$Lambda$192/0x00000001005ad4a0::getNeighbors (12 bytes)
Event: 6.612 Thread 0x00000282162c7ac0 nmethod 9194 0x000002820144e410 code [0x000002820144e5c0, 0x000002820144e808]
Event: 6.612 Thread 0x00000282162c7ac0 9196       3       org.jetbrains.kotlin.load.java.lazy.descriptors.LazyJavaClassDescriptor::getDeclaredTypeParameters (13 bytes)
Event: 6.612 Thread 0x00000282162c7ac0 nmethod 9196 0x000002820144e910 code [0x000002820144eac0, 0x000002820144ed88]
Event: 6.616 Thread 0x00000282162c7ac0 9199       3       org.jetbrains.kotlin.metadata.ProtoBuf$Type$Argument::writeTo (74 bytes)
Event: 6.617 Thread 0x00000282162c7ac0 nmethod 9199 0x000002820144ee90 code [0x000002820144f160, 0x000002820144fd68]
Event: 6.617 Thread 0x00000282162c7ac0 9201       3       org.jetbrains.kotlin.protobuf.FieldSet::setField (124 bytes)
Event: 6.618 Thread 0x00000282162c7ac0 nmethod 9201 0x0000028201450290 code [0x0000028201450520, 0x00000282014514f8]
Event: 6.618 Thread 0x00000282162c7ac0 9202       3       org.jetbrains.kotlin.metadata.ProtoBuf$Property::initFields (89 bytes)
Event: 6.618 Thread 0x00000282162c7ac0 nmethod 9202 0x0000028201451990 code [0x0000028201451ba0, 0x0000028201452278]
Event: 6.618 Thread 0x00000282162c7ac0 9203       3       org.jetbrains.kotlin.metadata.ProtoBuf$Property$1::parsePartialFrom (7 bytes)
Event: 6.618 Thread 0x00000282162c7ac0 nmethod 9203 0x0000028200df0c10 code [0x0000028200df0da0, 0x0000028200df0ee8]
Event: 6.618 Thread 0x00000282162c7ac0 9204       3       org.jetbrains.kotlin.metadata.ProtoBuf$Property$1::parsePartialFrom (11 bytes)

GC Heap History (20 events):
Event: 2.954 GC heap after
{Heap after GC invocations=12 (full 0):
 garbage-first heap   total 84992K, used 34139K [0x000000008a800000, 0x0000000100000000)
  region size 1024K, 4 young (4096K), 4 survivors (4096K)
 Metaspace       used 48873K, committed 49024K, reserved 1114112K
  class space    used 5999K, committed 6080K, reserved 1048576K
}
Event: 3.282 GC heap before
{Heap before GC invocations=12 (full 0):
 garbage-first heap   total 84992K, used 61787K [0x000000008a800000, 0x0000000100000000)
  region size 1024K, 31 young (31744K), 4 survivors (4096K)
 Metaspace       used 50918K, committed 51136K, reserved 1114112K
  class space    used 6195K, committed 6272K, reserved 1048576K
}
Event: 3.291 GC heap after
{Heap after GC invocations=13 (full 0):
 garbage-first heap   total 84992K, used 35488K [0x000000008a800000, 0x0000000100000000)
  region size 1024K, 3 young (3072K), 3 survivors (3072K)
 Metaspace       used 50918K, committed 51136K, reserved 1114112K
  class space    used 6195K, committed 6272K, reserved 1048576K
}
Event: 3.622 GC heap before
{Heap before GC invocations=13 (full 0):
 garbage-first heap   total 84992K, used 63136K [0x000000008a800000, 0x0000000100000000)
  region size 1024K, 30 young (30720K), 3 survivors (3072K)
 Metaspace       used 53284K, committed 53504K, reserved 1114112K
  class space    used 6448K, committed 6528K, reserved 1048576K
}
Event: 3.633 GC heap after
{Heap after GC invocations=14 (full 0):
 garbage-first heap   total 84992K, used 39813K [0x000000008a800000, 0x0000000100000000)
  region size 1024K, 4 young (4096K), 4 survivors (4096K)
 Metaspace       used 53284K, committed 53504K, reserved 1114112K
  class space    used 6448K, committed 6528K, reserved 1048576K
}
Event: 4.142 GC heap before
{Heap before GC invocations=14 (full 0):
 garbage-first heap   total 84992K, used 64389K [0x000000008a800000, 0x0000000100000000)
  region size 1024K, 28 young (28672K), 4 survivors (4096K)
 Metaspace       used 57126K, committed 57472K, reserved 1114112K
  class space    used 6885K, committed 7040K, reserved 1048576K
}
Event: 4.156 GC heap after
{Heap after GC invocations=15 (full 0):
 garbage-first heap   total 84992K, used 44287K [0x000000008a800000, 0x0000000100000000)
  region size 1024K, 4 young (4096K), 4 survivors (4096K)
 Metaspace       used 57126K, committed 57472K, reserved 1114112K
  class space    used 6885K, committed 7040K, reserved 1048576K
}
Event: 4.521 GC heap before
{Heap before GC invocations=15 (full 0):
 garbage-first heap   total 84992K, used 64767K [0x000000008a800000, 0x0000000100000000)
  region size 1024K, 24 young (24576K), 4 survivors (4096K)
 Metaspace       used 57599K, committed 57920K, reserved 1114112K
  class space    used 6892K, committed 7040K, reserved 1048576K
}
Event: 4.533 GC heap after
{Heap after GC invocations=16 (full 0):
 garbage-first heap   total 108544K, used 47773K [0x000000008a800000, 0x0000000100000000)
  region size 1024K, 3 young (3072K), 3 survivors (3072K)
 Metaspace       used 57599K, committed 57920K, reserved 1114112K
  class space    used 6892K, committed 7040K, reserved 1048576K
}
Event: 4.952 GC heap before
{Heap before GC invocations=17 (full 0):
 garbage-first heap   total 108544K, used 81565K [0x000000008a800000, 0x0000000100000000)
  region size 1024K, 36 young (36864K), 3 survivors (3072K)
 Metaspace       used 59043K, committed 59328K, reserved 1114112K
  class space    used 7081K, committed 7232K, reserved 1048576K
}
Event: 4.964 GC heap after
{Heap after GC invocations=18 (full 0):
 garbage-first heap   total 108544K, used 51986K [0x000000008a800000, 0x0000000100000000)
  region size 1024K, 4 young (4096K), 4 survivors (4096K)
 Metaspace       used 59043K, committed 59328K, reserved 1114112K
  class space    used 7081K, committed 7232K, reserved 1048576K
}
Event: 4.965 GC heap before
{Heap before GC invocations=18 (full 0):
 garbage-first heap   total 108544K, used 53010K [0x000000008a800000, 0x0000000100000000)
  region size 1024K, 5 young (5120K), 4 survivors (4096K)
 Metaspace       used 59043K, committed 59328K, reserved 1114112K
  class space    used 7081K, committed 7232K, reserved 1048576K
}
Event: 4.970 GC heap after
{Heap after GC invocations=19 (full 0):
 garbage-first heap   total 108544K, used 51914K [0x000000008a800000, 0x0000000100000000)
  region size 1024K, 1 young (1024K), 1 survivors (1024K)
 Metaspace       used 59043K, committed 59328K, reserved 1114112K
  class space    used 7081K, committed 7232K, reserved 1048576K
}
Event: 5.531 GC heap before
{Heap before GC invocations=19 (full 0):
 garbage-first heap   total 108544K, used 83658K [0x000000008a800000, 0x0000000100000000)
  region size 1024K, 32 young (32768K), 1 survivors (1024K)
 Metaspace       used 61075K, committed 61376K, reserved 1114112K
  class space    used 7263K, committed 7424K, reserved 1048576K
}
Event: 5.538 GC heap after
{Heap after GC invocations=20 (full 0):
 garbage-first heap   total 108544K, used 55650K [0x000000008a800000, 0x0000000100000000)
  region size 1024K, 4 young (4096K), 4 survivors (4096K)
 Metaspace       used 61075K, committed 61376K, reserved 1114112K
  class space    used 7263K, committed 7424K, reserved 1048576K
}
Event: 5.974 GC heap before
{Heap before GC invocations=21 (full 0):
 garbage-first heap   total 108544K, used 85346K [0x000000008a800000, 0x0000000100000000)
  region size 1024K, 32 young (32768K), 4 survivors (4096K)
 Metaspace       used 62374K, committed 62656K, reserved 1114112K
  class space    used 7364K, committed 7488K, reserved 1048576K
}
Event: 5.984 GC heap after
{Heap after GC invocations=22 (full 0):
 garbage-first heap   total 108544K, used 59722K [0x000000008a800000, 0x0000000100000000)
  region size 1024K, 4 young (4096K), 4 survivors (4096K)
 Metaspace       used 62374K, committed 62656K, reserved 1114112K
  class space    used 7364K, committed 7488K, reserved 1048576K
}
Event: 6.001 GC heap before
{Heap before GC invocations=22 (full 0):
 garbage-first heap   total 108544K, used 60746K [0x000000008a800000, 0x0000000100000000)
  region size 1024K, 5 young (5120K), 4 survivors (4096K)
 Metaspace       used 62398K, committed 62656K, reserved 1114112K
  class space    used 7364K, committed 7488K, reserved 1048576K
}
Event: 6.006 GC heap after
{Heap after GC invocations=23 (full 0):
 garbage-first heap   total 108544K, used 59709K [0x000000008a800000, 0x0000000100000000)
  region size 1024K, 1 young (1024K), 1 survivors (1024K)
 Metaspace       used 62398K, committed 62656K, reserved 1114112K
  class space    used 7364K, committed 7488K, reserved 1048576K
}
Event: 6.619 GC heap before
{Heap before GC invocations=23 (full 0):
 garbage-first heap   total 108544K, used 86333K [0x000000008a800000, 0x0000000100000000)
  region size 1024K, 27 young (27648K), 1 survivors (1024K)
 Metaspace       used 63521K, committed 63808K, reserved 1114112K
  class space    used 7405K, committed 7552K, reserved 1048576K
}

Dll operation events (2 events):
Event: 0.005 Loaded shared library C:\Program Files\Android\Android Studio1\jbr\bin\java.dll
Event: 1.173 Loaded shared library C:\Program Files\Android\Android Studio1\jbr\bin\verify.dll

Deoptimization events (20 events):
Event: 6.495 Thread 0x000002827a4bba30 Uncommon trap: trap_request=0xffffffc6 fr.pc=0x0000028207e63b40 relative=0x0000000000000100
Event: 6.495 Thread 0x000002827a4bba30 Uncommon trap: reason=bimorphic_or_optimized_type_check action=maybe_recompile pc=0x0000028207e63b40 method=org.jetbrains.kotlin.types.model.TypeSystemContext.upperBoundIfFlexible(Lorg/jetbrains/kotlin/types/model/KotlinTypeMarker;)Lorg/jetbrains/kotlin/t
Event: 6.495 Thread 0x000002827a4bba30 DEOPT PACKING pc=0x0000028207e63b40 sp=0x00000091885f7190
Event: 6.495 Thread 0x000002827a4bba30 DEOPT UNPACKING pc=0x00000282075869a3 sp=0x00000091885f7128 mode 2
Event: 6.495 Thread 0x000002827a4bba30 Uncommon trap: trap_request=0xffffffc6 fr.pc=0x0000028207e63b40 relative=0x0000000000000100
Event: 6.495 Thread 0x000002827a4bba30 Uncommon trap: reason=bimorphic_or_optimized_type_check action=maybe_recompile pc=0x0000028207e63b40 method=org.jetbrains.kotlin.types.model.TypeSystemContext.upperBoundIfFlexible(Lorg/jetbrains/kotlin/types/model/KotlinTypeMarker;)Lorg/jetbrains/kotlin/t
Event: 6.495 Thread 0x000002827a4bba30 DEOPT PACKING pc=0x0000028207e63b40 sp=0x00000091885f7190
Event: 6.495 Thread 0x000002827a4bba30 DEOPT UNPACKING pc=0x00000282075869a3 sp=0x00000091885f7128 mode 2
Event: 6.498 Thread 0x000002827a4bba30 Uncommon trap: trap_request=0xffffff45 fr.pc=0x0000028207e5e6bc relative=0x000000000000091c
Event: 6.498 Thread 0x000002827a4bba30 Uncommon trap: reason=unstable_if action=reinterpret pc=0x0000028207e5e6bc method=org.jetbrains.kotlin.types.AbstractStrictEqualityTypeChecker.strictEqualSimpleTypes(Lorg/jetbrains/kotlin/types/model/TypeSystemContext;Lorg/jetbrains/kotlin/types/model/Sim
Event: 6.498 Thread 0x000002827a4bba30 DEOPT PACKING pc=0x0000028207e5e6bc sp=0x00000091885fa4d0
Event: 6.498 Thread 0x000002827a4bba30 DEOPT UNPACKING pc=0x00000282075869a3 sp=0x00000091885fa288 mode 2
Event: 6.614 Thread 0x000002827a4bba30 Uncommon trap: trap_request=0xffffffde fr.pc=0x0000028207cb4cac relative=0x00000000000004ac
Event: 6.614 Thread 0x000002827a4bba30 Uncommon trap: reason=class_check action=maybe_recompile pc=0x0000028207cb4cac method=org.jetbrains.kotlin.psi.KtQualifiedExpression.getExpression(Z)Lorg/jetbrains/kotlin/psi/KtExpression; @ 1 c2
Event: 6.614 Thread 0x000002827a4bba30 DEOPT PACKING pc=0x0000028207cb4cac sp=0x00000091885f5390
Event: 6.614 Thread 0x000002827a4bba30 DEOPT UNPACKING pc=0x00000282075869a3 sp=0x00000091885f5310 mode 2
Event: 6.618 Thread 0x000002827a4bba30 Uncommon trap: trap_request=0xffffff45 fr.pc=0x0000028207df05e4 relative=0x0000000000001884
Event: 6.618 Thread 0x000002827a4bba30 Uncommon trap: reason=unstable_if action=reinterpret pc=0x0000028207df05e4 method=org.jetbrains.org.objectweb.asm.ClassReader.readElementValue(Lorg/jetbrains/org/objectweb/asm/AnnotationVisitor;ILjava/lang/String;[C)I @ 102 c2
Event: 6.618 Thread 0x000002827a4bba30 DEOPT PACKING pc=0x0000028207df05e4 sp=0x00000091885f28c0
Event: 6.618 Thread 0x000002827a4bba30 DEOPT UNPACKING pc=0x00000282075869a3 sp=0x00000091885f2850 mode 2

Classes unloaded (0 events):
No events

Classes redefined (0 events):
No events

Internal exceptions (20 events):
Event: 3.222 Thread 0x000002827a4bba30 Exception <a 'java/lang/NoSuchMethodError'{0x000000008e3e7b90}: 'java.lang.Object java.lang.invoke.Invokers$Holder.linkToTargetMethod(java.lang.Object, java.lang.Object, java.lang.Object, java.lang.Object, java.lang.Object, java.lang.Object, java.lang.Object, java.lang.Object)'> (0x000000008e3e7b90) 
thrown [s\src\hotspot\share\interpreter\linkResolver.cpp, line 771]
Event: 3.432 Thread 0x000002827a4bba30 Exception <a 'java/lang/NoSuchMethodError'{0x000000008f3b83d8}: 'java.lang.Object java.lang.invoke.DirectMethodHandle$Holder.newInvokeSpecial(java.lang.Object, java.lang.Object, java.lang.Object, java.lang.Object, java.lang.Object, java.lang.Object)'> (0x000000008f3b83d8) 
thrown [s\src\hotspot\share\interpreter\linkResolver.cpp, line 771]
Event: 3.437 Thread 0x000002827a4bba30 Implicit null exception at 0x0000028207b27f71 to 0x0000028207b28154
Event: 3.751 Thread 0x000002827a4bba30 Exception <a 'java/lang/NoSuchMethodError'{0x000000008f4feeb0}: 'int java.lang.invoke.DirectMethodHandle$Holder.invokeInterface(java.lang.Object, java.lang.Object)'> (0x000000008f4feeb0) 
thrown [s\src\hotspot\share\interpreter\linkResolver.cpp, line 771]
Event: 3.761 Thread 0x000002827a4bba30 Exception <a 'java/lang/NoSuchMethodError'{0x000000008f341378}: 'java.lang.Object java.lang.invoke.DirectMethodHandle$Holder.invokeStaticInit(java.lang.Object, java.lang.Object, java.lang.Object)'> (0x000000008f341378) 
thrown [s\src\hotspot\share\interpreter\linkResolver.cpp, line 771]
Event: 3.763 Thread 0x000002827a4bba30 Exception <a 'java/lang/NoSuchMethodError'{0x000000008f358750}: 'java.lang.Object java.lang.invoke.DirectMethodHandle$Holder.newInvokeSpecial(java.lang.Object, int, java.lang.Object)'> (0x000000008f358750) 
thrown [s\src\hotspot\share\interpreter\linkResolver.cpp, line 771]
Event: 3.785 Thread 0x000002827a4bba30 Exception <a 'java/lang/NoSuchMethodError'{0x000000008f217648}: 'java.lang.Object java.lang.invoke.DirectMethodHandle$Holder.invokeStatic(java.lang.Object, int, java.lang.Object)'> (0x000000008f217648) 
thrown [s\src\hotspot\share\interpreter\linkResolver.cpp, line 771]
Event: 3.907 Thread 0x000002827a4bba30 Exception <a 'java/lang/NoSuchMethodError'{0x000000008ec11078}: 'java.lang.Object java.lang.invoke.DirectMethodHandle$Holder.invokeStatic(java.lang.Object, java.lang.Object, java.lang.Object, java.lang.Object, int)'> (0x000000008ec11078) 
thrown [s\src\hotspot\share\interpreter\linkResolver.cpp, line 771]
Event: 3.907 Thread 0x000002827a4bba30 Exception <a 'java/lang/NoSuchMethodError'{0x000000008ec1a9c0}: 'java.lang.Object java.lang.invoke.DirectMethodHandle$Holder.newInvokeSpecial(java.lang.Object, java.lang.Object, java.lang.Object, java.lang.Object, int)'> (0x000000008ec1a9c0) 
thrown [s\src\hotspot\share\interpreter\linkResolver.cpp, line 771]
Event: 3.908 Thread 0x000002827a4bba30 Exception <a 'java/lang/NoSuchMethodError'{0x000000008ec227e8}: 'java.lang.Object java.lang.invoke.Invokers$Holder.linkToTargetMethod(java.lang.Object, java.lang.Object, java.lang.Object, int, java.lang.Object)'> (0x000000008ec227e8) 
thrown [s\src\hotspot\share\interpreter\linkResolver.cpp, line 771]
Event: 4.934 Thread 0x000002827a4bba30 Implicit null exception at 0x0000028207be1609 to 0x0000028207be16f0
Event: 4.934 Thread 0x000002827a4bba30 Implicit null exception at 0x0000028207b37dd8 to 0x0000028207b37e6a
Event: 4.940 Thread 0x000002827a4bba30 Implicit null exception at 0x0000028207b2790f to 0x0000028207b27985
Event: 5.069 Thread 0x000002827a4bba30 Exception <a 'java/lang/NoSuchMethodError'{0x0000000090e21d48}: 'java.lang.Object java.lang.invoke.DirectMethodHandle$Holder.newInvokeSpecial(java.lang.Object, java.lang.Object, java.lang.Object, java.lang.Object, java.lang.Object, java.lang.Object, java.lang.Object)'> (0x0000000090e21d48) 
thrown [s\src\hotspot\share\interpreter\linkResolver.cpp, line 771]
Event: 5.070 Thread 0x000002827a4bba30 Exception <a 'java/lang/NoSuchMethodError'{0x0000000090e26ba8}: 'java.lang.Object java.lang.invoke.Invokers$Holder.linkToTargetMethod(java.lang.Object, java.lang.Object, java.lang.Object, java.lang.Object, java.lang.Object, java.lang.Object, java.lang.Object)'> (0x0000000090e26ba8) 
thrown [s\src\hotspot\share\interpreter\linkResolver.cpp, line 771]
Event: 5.099 Thread 0x000002827a4bba30 Exception <a 'java/lang/NoSuchMethodError'{0x0000000090ef9a70}: 'java.lang.Object java.lang.invoke.DirectMethodHandle$Holder.invokeInterface(java.lang.Object, java.lang.Object, java.lang.Object)'> (0x0000000090ef9a70) 
thrown [s\src\hotspot\share\interpreter\linkResolver.cpp, line 771]
Event: 5.099 Thread 0x000002827a4bba30 Exception <a 'java/lang/IncompatibleClassChangeError'{0x0000000090efd688}: Found class java.lang.Object, but interface was expected> (0x0000000090efd688) 
thrown [s\src\hotspot\share\interpreter\linkResolver.cpp, line 838]
Event: 5.211 Thread 0x000002827a4bba30 Exception <a 'java/lang/NoSuchMethodError'{0x0000000090beeeb0}: 'int java.lang.invoke.DirectMethodHandle$Holder.invokeStaticInit(java.lang.Object, int)'> (0x0000000090beeeb0) 
thrown [s\src\hotspot\share\interpreter\linkResolver.cpp, line 771]
Event: 5.785 Thread 0x000002827a4bba30 Exception <a 'java/lang/NoSuchMethodError'{0x000000009094c548}: 'java.lang.Object java.lang.invoke.DirectMethodHandle$Holder.newInvokeSpecial(java.lang.Object, int, java.lang.Object, java.lang.Object)'> (0x000000009094c548) 
thrown [s\src\hotspot\share\interpreter\linkResolver.cpp, line 771]
Event: 6.159 Thread 0x000002827a4bba30 Implicit null exception at 0x0000028207dea8a6 to 0x0000028207deb03c

VM Operations (20 events):
Event: 6.066 Executing VM operation: HandshakeAllThreads done
Event: 6.131 Executing VM operation: ICBufferFull
Event: 6.131 Executing VM operation: ICBufferFull done
Event: 6.208 Executing VM operation: ICBufferFull
Event: 6.208 Executing VM operation: ICBufferFull done
Event: 6.303 Executing VM operation: ICBufferFull
Event: 6.303 Executing VM operation: ICBufferFull done
Event: 6.373 Executing VM operation: ICBufferFull
Event: 6.374 Executing VM operation: ICBufferFull done
Event: 6.459 Executing VM operation: ICBufferFull
Event: 6.459 Executing VM operation: ICBufferFull done
Event: 6.502 Executing VM operation: ICBufferFull
Event: 6.502 Executing VM operation: ICBufferFull done
Event: 6.542 Executing VM operation: ICBufferFull
Event: 6.542 Executing VM operation: ICBufferFull done
Event: 6.585 Executing VM operation: HandshakeAllThreads
Event: 6.585 Executing VM operation: HandshakeAllThreads done
Event: 6.586 Executing VM operation: ICBufferFull
Event: 6.586 Executing VM operation: ICBufferFull done
Event: 6.618 Executing VM operation: G1CollectForAllocation

Events (20 events):
Event: 5.374 loading class java/util/regex/Pattern$Bound
Event: 5.374 loading class java/util/regex/Pattern$Bound done
Event: 5.374 loading class java/util/regex/Pattern$LookBehindEndNode
Event: 5.374 loading class java/util/regex/Pattern$LookBehindEndNode done
Event: 5.374 loading class java/util/regex/Pattern$NotBehind
Event: 5.374 loading class java/util/regex/Pattern$NotBehind done
Event: 5.680 loading class java/util/Collections$CopiesList
Event: 5.680 loading class java/util/Collections$CopiesList done
Event: 5.789 loading class java/security/CodeSigner
Event: 5.789 loading class java/security/CodeSigner done
Event: 6.341 loading class java/util/concurrent/locks/AbstractQueuedSynchronizer$Node
Event: 6.341 loading class java/util/concurrent/locks/AbstractQueuedSynchronizer$Node done
Event: 6.588 Thread 0x00000282162ca4c0 flushing nmethod 0x0000028200171390
Event: 6.591 Thread 0x00000282162ca4c0 flushing nmethod 0x000002820066d010
Event: 6.592 Thread 0x00000282162ca4c0 flushing nmethod 0x00000282007a2d90
Event: 6.593 Thread 0x00000282162ca4c0 flushing nmethod 0x00000282008e7c90
Event: 6.594 Thread 0x00000282162ca4c0 flushing nmethod 0x0000028200911510
Event: 6.594 Thread 0x00000282162ca4c0 flushing nmethod 0x00000282009bb810
Event: 6.598 Thread 0x00000282162ca4c0 flushing nmethod 0x0000028200df0c10
Event: 6.598 Thread 0x00000282162ca4c0 flushing nmethod 0x0000028200df4210


Dynamic libraries:
0x00007ff78b6d0000 - 0x00007ff78b6da000 	C:\Program Files\Android\Android Studio1\jbr\bin\java.exe
0x00007ff961fb0000 - 0x00007ff9621c7000 	C:\WINDOWS\SYSTEM32\ntdll.dll
0x00007ff960ba0000 - 0x00007ff960c64000 	C:\WINDOWS\System32\KERNEL32.DLL
0x00007ff95f5f0000 - 0x00007ff95f996000 	C:\WINDOWS\System32\KERNELBASE.dll
0x00007ff95f4d0000 - 0x00007ff95f5e1000 	C:\WINDOWS\System32\ucrtbase.dll
0x00007ff94ca90000 - 0x00007ff94caa7000 	C:\Program Files\Android\Android Studio1\jbr\bin\jli.dll
0x00007ff959fb0000 - 0x00007ff959fcb000 	C:\Program Files\Android\Android Studio1\jbr\bin\VCRUNTIME140.dll
0x00007ff960730000 - 0x00007ff9608de000 	C:\WINDOWS\System32\USER32.dll
0x00007ff95f4a0000 - 0x00007ff95f4c6000 	C:\WINDOWS\System32\win32u.dll
0x00007ff954fc0000 - 0x00007ff955253000 	C:\WINDOWS\WinSxS\amd64_microsoft.windows.common-controls_6595b64144ccf1df_6.0.22621.2506_none_270c5ae97388e100\COMCTL32.dll
0x00007ff95fd00000 - 0x00007ff95fd29000 	C:\WINDOWS\System32\GDI32.dll
0x00007ff9601b0000 - 0x00007ff960257000 	C:\WINDOWS\System32\msvcrt.dll
0x00007ff95f9a0000 - 0x00007ff95fab8000 	C:\WINDOWS\System32\gdi32full.dll
0x00007ff95fc60000 - 0x00007ff95fcfa000 	C:\WINDOWS\System32\msvcp_win.dll
0x00007ff960b60000 - 0x00007ff960b91000 	C:\WINDOWS\System32\IMM32.DLL
0x00007ff959f50000 - 0x00007ff959f5c000 	C:\Program Files\Android\Android Studio1\jbr\bin\vcruntime140_1.dll
0x00007ff9599b0000 - 0x00007ff959a3d000 	C:\Program Files\Android\Android Studio1\jbr\bin\msvcp140.dll
0x00007ff913590000 - 0x00007ff914210000 	C:\Program Files\Android\Android Studio1\jbr\bin\server\jvm.dll
0x00007ff9603a0000 - 0x00007ff960453000 	C:\WINDOWS\System32\ADVAPI32.dll
0x00007ff960940000 - 0x00007ff9609e8000 	C:\WINDOWS\System32\sechost.dll
0x00007ff95fc30000 - 0x00007ff95fc58000 	C:\WINDOWS\System32\bcrypt.dll
0x00007ff960260000 - 0x00007ff960377000 	C:\WINDOWS\System32\RPCRT4.dll
0x00007ff9548f0000 - 0x00007ff9548f9000 	C:\WINDOWS\SYSTEM32\WSOCK32.dll
0x00007ff95d090000 - 0x00007ff95d0c4000 	C:\WINDOWS\SYSTEM32\WINMM.dll
0x00007ff961ef0000 - 0x00007ff961f61000 	C:\WINDOWS\System32\WS2_32.dll
0x00007ff95a900000 - 0x00007ff95a90a000 	C:\WINDOWS\SYSTEM32\VERSION.dll
0x00007ff95e330000 - 0x00007ff95e348000 	C:\WINDOWS\SYSTEM32\kernel.appcore.dll
0x00007ff954170000 - 0x00007ff95417a000 	C:\Program Files\Android\Android Studio1\jbr\bin\jimage.dll
0x00007ff95cad0000 - 0x00007ff95cd03000 	C:\WINDOWS\SYSTEM32\DBGHELP.DLL
0x00007ff9618e0000 - 0x00007ff961c69000 	C:\WINDOWS\System32\combase.dll
0x00007ff960d70000 - 0x00007ff960e47000 	C:\WINDOWS\System32\OLEAUT32.dll
0x00007ff952fe0000 - 0x00007ff953012000 	C:\WINDOWS\SYSTEM32\dbgcore.DLL
0x00007ff95f2f0000 - 0x00007ff95f36a000 	C:\WINDOWS\System32\bcryptPrimitives.dll
0x00007ff954140000 - 0x00007ff954165000 	C:\Program Files\Android\Android Studio1\jbr\bin\java.dll
0x00007ff952e10000 - 0x00007ff952e28000 	C:\Program Files\Android\Android Studio1\jbr\bin\zip.dll
0x00007ff961080000 - 0x00007ff9618db000 	C:\WINDOWS\System32\SHELL32.dll
0x00007ff95d250000 - 0x00007ff95db46000 	C:\WINDOWS\SYSTEM32\windows.storage.dll
0x00007ff95d110000 - 0x00007ff95d24e000 	C:\WINDOWS\SYSTEM32\wintypes.dll
0x00007ff960c70000 - 0x00007ff960d63000 	C:\WINDOWS\System32\SHCORE.dll
0x00007ff960460000 - 0x00007ff9604be000 	C:\WINDOWS\System32\shlwapi.dll
0x00007ff95f220000 - 0x00007ff95f246000 	C:\WINDOWS\SYSTEM32\profapi.dll
0x00007ff952a00000 - 0x00007ff952a19000 	C:\Program Files\Android\Android Studio1\jbr\bin\net.dll
0x00007ff957780000 - 0x00007ff9578b7000 	C:\WINDOWS\SYSTEM32\WINHTTP.dll
0x00007ff95e7b0000 - 0x00007ff95e819000 	C:\WINDOWS\system32\mswsock.dll
0x00007ff94fb00000 - 0x00007ff94fb16000 	C:\Program Files\Android\Android Studio1\jbr\bin\nio.dll
0x00007ff94cef0000 - 0x00007ff94cf00000 	C:\Program Files\Android\Android Studio1\jbr\bin\verify.dll

dbghelp: loaded successfully - version: 4.0.5 - missing functions: none
symbol engine: initialized successfully - sym options: 0x614 - pdb path: .;C:\Program Files\Android\Android Studio1\jbr\bin;C:\WINDOWS\SYSTEM32;C:\WINDOWS\WinSxS\amd64_microsoft.windows.common-controls_6595b64144ccf1df_6.0.22621.2506_none_270c5ae97388e100;C:\Program Files\Android\Android Studio1\jbr\bin\server

VM Arguments:
java_command: org.jetbrains.kotlin.cli.jvm.K2JVMCompiler @C:\Users\Emir\AndroidStudioProjects\Tudijit2\app\build\20240223_1066273552866673407.compiler.options
java_class_path (initial): C:\Users\Emir\.gradle\caches\modules-2\files-2.1\org.jetbrains.kotlin\kotlin-compiler-embeddable\1.9.0\2c8c3a7402becca891f12739b3e9fd2dc2adbd7a\kotlin-compiler-embeddable-1.9.0.jar;C:\Users\Emir\.gradle\caches\modules-2\files-2.1\org.jetbrains.kotlin\kotlin-stdlib\1.9.0\8ee15ef0c67dc83d874f412d84378d7f0eb50b63\kotlin-stdlib-1.9.0.jar;C:\Users\Emir\.gradle\caches\modules-2\files-2.1\org.jetbrains.kotlin\kotlin-script-runtime\1.9.0\4b3102cbbb7e1b58d9d1adf89563f00069ffa7d1\kotlin-script-runtime-1.9.0.jar;C:\Users\Emir\.gradle\caches\modules-2\files-2.1\org.jetbrains.kotlin\kotlin-reflect\1.6.10\1cbe9c92c12a94eea200d23c2bbaedaf3daf5132\kotlin-reflect-1.6.10.jar;C:\Users\Emir\.gradle\caches\modules-2\files-2.1\org.jetbrains.kotlin\kotlin-daemon-embeddable\1.9.0\186543f5e28cf8d9a0290fecc2cf34301c40a65c\kotlin-daemon-embeddable-1.9.0.jar;C:\Users\Emir\.gradle\caches\modules-2\files-2.1\org.jetbrains.intellij.deps\trove4j\1.0.20200330\3afb14d5f9ceb459d724e907a21145e8ff394f02\trove4j-1.0.20200330.jar;C:\Users\Emir\.gradle\caches\modules-2\files-2.1\org.jetbrains.kotlin\kotlin-stdlib-common\1.9.0\cd65c21cfd1eec4d44ef09f9f52b6d9f8a720636\kotlin-stdlib-common-1.9.0.jar;C:\Users\Emir\.gradle\caches\modules-2\files-2.1\org.jetbrains\annotations\13.0\919f0dfe192fb4e063e7dacadee7f8bb9a2672a9\annotations-13.0.jar
Launcher Type: SUN_STANDARD

[Global flags]
     intx CICompilerCount                          = 4                                         {product} {ergonomic}
     uint ConcGCThreads                            = 3                                         {product} {ergonomic}
     uint G1ConcRefinementThreads                  = 10                                        {product} {ergonomic}
   size_t G1HeapRegionSize                         = 1048576                                   {product} {ergonomic}
    uintx GCDrainStackTargetSize                   = 64                                        {product} {ergonomic}
   size_t InitialHeapSize                          = 123731968                                 {product} {ergonomic}
   size_t MarkStackSize                            = 4194304                                   {product} {ergonomic}
   size_t MaxHeapSize                              = 1971322880                                {product} {ergonomic}
   size_t MaxNewSize                               = 1182793728                                {product} {ergonomic}
   size_t MinHeapDeltaBytes                        = 1048576                                   {product} {ergonomic}
   size_t MinHeapSize                              = 8388608                                   {product} {ergonomic}
    uintx NonNMethodCodeHeapSize                   = 5839372                                {pd product} {ergonomic}
    uintx NonProfiledCodeHeapSize                  = 122909434                              {pd product} {ergonomic}
    uintx ProfiledCodeHeapSize                     = 122909434                              {pd product} {ergonomic}
    uintx ReservedCodeCacheSize                    = 251658240                              {pd product} {ergonomic}
     bool SegmentedCodeCache                       = true                                      {product} {ergonomic}
   size_t SoftMaxHeapSize                          = 1971322880                             {manageable} {ergonomic}
     bool UseCompressedClassPointers               = true                           {product lp64_product} {ergonomic}
     bool UseCompressedOops                        = true                           {product lp64_product} {ergonomic}
     bool UseG1GC                                  = true                                      {product} {ergonomic}
     bool UseLargePagesIndividualAllocation        = false                                  {pd product} {ergonomic}

Logging:
Log output configuration:
 #0: stdout all=warning uptime,level,tags
 #1: stderr all=off uptime,level,tags

Environment Variables:
PATH=C:\Program Files (x86)\Common Files\Oracle\Java\javapath;C:\WINDOWS\system32;C:\WINDOWS;C:\WINDOWS\System32\Wbem;C:\WINDOWS\System32\WindowsPowerShell\v1.0\;C:\WINDOWS\System32\OpenSSH\;d:\quartus\bin;D:\modelsim_ase\win32aloem;C:\Users\Emir\AppData\Local\Microsoft\WindowsApps;;C:\Program Files\JetBrains\IntelliJ IDEA Community Edition 2022.1.2\bin;
USERNAME=Emir
OS=Windows_NT
PROCESSOR_IDENTIFIER=AMD64 Family 23 Model 104 Stepping 1, AuthenticAMD
TMP=C:\Users\Emir\AppData\Local\Temp
TEMP=C:\Users\Emir\AppData\Local\Temp


JNI global refs:
JNI global refs: 13, weak refs: 4

JNI global refs memory usage: 843, weak refs: 841

OOME stack traces (most recent first):
Classloader memory used:
Loader jdk.internal.loader.ClassLoaders$AppClassLoader                                 : 6509K
Loader bootstrap                                                                       : 1349K
Loader java.net.URLClassLoader                                                         : 62642B
Loader jdk.internal.reflect.DelegatingClassLoader                                      : 18979B
Loader jdk.internal.loader.ClassLoaders$PlatformClassLoader                            : 2276B


---------------  S Y S T E M  ---------------

OS:
 Windows 11 , 64 bit Build 22621 (10.0.22621.3085)
OS uptime: 0 days 0:14 hours

CPU: total 12 (initial active 12) (12 cores per cpu, 2 threads per core) family 23 model 104 stepping 1 microcode 0x0, cx8, cmov, fxsr, ht, mmx, 3dnowpref, sse, sse2, sse3, ssse3, sse4a, sse4.1, sse4.2, popcnt, lzcnt, tsc, tscinvbit, avx, avx2, aes, clmul, bmi1, bmi2, adx, sha, fma, vzeroupper, clflush, clflushopt

Memory: 4k page, system-wide physical 7514M (399M free)
TotalPageFile size 11610M (AvailPageFile size 106M)
current process WorkingSet (physical memory assigned to process): 277M, peak: 286M
current process commit charge ("private bytes"): 328M, peak: 515M

vm_info: OpenJDK 64-Bit Server VM (17.0.7+0-b2043.56-10550314) for windows-amd64 JRE (17.0.7+0-b2043.56-10550314), built on Jul 24 2023 18:27:45 by "androidbuild" with MS VC++ 16.10 / 16.11 (VS2019)

END.
